SF:lib/module/app/repository/abstract_repository.dart
DA:7,3
DA:8,2
LF:2
LH:2
end_of_record
SF:lib/data_source/api_data_source.dart
DA:13,0
DA:14,0
DA:15,0
DA:19,0
DA:23,0
DA:25,0
DA:26,0
DA:27,0
DA:28,0
DA:29,0
DA:30,0
DA:31,0
DA:32,0
DA:36,0
DA:39,0
DA:40,0
DA:42,0
DA:43,0
DA:45,0
DA:48,0
DA:49,0
DA:50,0
DA:51,0
DA:52,0
DA:53,0
DA:57,0
DA:60,0
DA:61,0
DA:63,0
DA:64,0
DA:66,0
DA:67,0
DA:68,0
DA:69,0
DA:70,0
DA:71,0
DA:77,0
DA:78,0
DA:81,0
DA:82,0
DA:87,0
DA:88,0
DA:91,0
DA:92,0
DA:95,0
DA:96,0
DA:99,0
DA:100,0
DA:101,0
DA:103,0
DA:104,0
DA:106,0
DA:108,0
DA:111,0
DA:112,0
LF:55
LH:0
end_of_record
SF:lib/main/main.dart
DA:27,0
DA:29,3
DA:31,0
DA:32,0
DA:34,0
DA:36,0
DA:39,0
DA:40,0
DA:43,0
DA:45,0
DA:47,0
DA:48,0
DA:52,0
DA:54,0
DA:56,0
DA:58,0
DA:59,0
DA:60,0
DA:61,0
DA:62,0
DA:63,0
DA:64,0
DA:73,0
DA:74,0
DA:75,0
DA:76,0
DA:78,0
DA:80,0
DA:81,0
DA:82,0
LF:30
LH:1
end_of_record
SF:lib/module/user/models/my_user.dart
DA:14,6
DA:15,6
DA:16,2
DA:17,2
DA:27,11
LF:5
LH:5
end_of_record
SF:lib/app/views/app_layout.dart
DA:6,0
DA:15,0
DA:17,0
DA:18,0
DA:19,0
DA:21,0
DA:23,0
DA:24,0
DA:25,0
DA:26,0
DA:27,0
DA:28,0
DA:29,0
LF:13
LH:0
end_of_record
SF:lib/config/nav_items.dart
DA:7,0
DA:13,0
DA:14,0
DA:18,0
DA:22,0
LF:5
LH:0
end_of_record
SF:lib/config/firebase_options.dart
DA:18,0
DA:22,0
DA:23,0
DA:24,0
DA:28,0
DA:30,0
DA:32,0
DA:33,0
DA:37,0
DA:38,0
DA:43,0
LF:11
LH:0
end_of_record
SF:lib/exceptions/api_exceptions.dart
DA:3,2
DA:8,2
DA:13,3
LF:3
LH:3
end_of_record
SF:lib/helpers/logger.dart
DA:9,3
DA:11,0
DA:28,0
DA:30,0
DA:31,0
DA:33,0
LF:6
LH:1
end_of_record
SF:lib/module/tasks/models/task.dart
DA:34,3
LF:1
LH:1
end_of_record
SF:lib/exceptions/state_exceptions.dart
DA:3,0
LF:1
LH:0
end_of_record
SF:lib/helpers/globals.dart
DA:5,0
DA:7,0
LF:2
LH:0
end_of_record
SF:lib/helpers/helpers.dart
DA:8,0
DA:16,0
DA:18,0
DA:19,0
DA:20,0
DA:21,0
DA:22,0
DA:26,0
DA:27,0
DA:28,0
DA:30,0
DA:32,0
DA:37,0
DA:38,0
DA:39,0
DA:41,0
DA:48,0
DA:54,0
DA:56,0
DA:57,0
DA:58,0
DA:59,0
DA:60,0
DA:63,0
DA:64,0
DA:65,0
DA:67,0
DA:74,0
DA:75,0
DA:76,0
DA:78,0
DA:80,0
DA:82,0
LF:33
LH:0
end_of_record
SF:lib/module/auth/cubit/auth_cubit.dart
DA:18,0
DA:21,0
DA:23,0
DA:25,0
DA:26,0
DA:30,0
DA:32,0
DA:35,0
DA:37,0
DA:38,0
DA:39,0
DA:40,0
DA:41,0
DA:44,0
DA:45,0
DA:46,0
DA:52,0
DA:53,0
DA:54,0
DA:55,0
DA:58,0
DA:60,0
DA:61,0
DA:64,0
DA:65,0
DA:68,0
DA:70,0
DA:73,0
DA:75,0
LF:29
LH:0
end_of_record
SF:lib/pages/home_page.dart
DA:11,8
DA:13,0
DA:15,0
DA:16,0
DA:17,0
DA:23,0
DA:27,0
DA:29,0
DA:30,0
DA:31,0
DA:32,0
DA:33,0
DA:34,0
DA:35,0
DA:37,0
DA:40,0
DA:41,0
DA:44,0
DA:46,0
DA:48,0
DA:49,0
DA:50,0
DA:55,0
DA:56,0
DA:63,0
DA:64,0
DA:67,0
DA:68,0
DA:70,0
DA:71,0
DA:72,0
DA:74,0
DA:83,0
DA:84,0
DA:85,0
DA:87,0
DA:88,0
DA:90,0
DA:91,0
DA:95,0
DA:96,0
DA:97,0
DA:98,0
DA:102,0
DA:103,0
DA:104,0
DA:116,0
DA:117,0
DA:119,0
DA:120,0
DA:121,0
DA:122,0
DA:124,0
DA:125,0
DA:126,0
DA:130,0
DA:131,0
DA:134,0
DA:138,0
DA:141,0
DA:148,0
DA:149,0
DA:158,0
DA:159,0
DA:161,0
DA:164,0
DA:165,0
DA:169,0
DA:170,0
DA:174,0
DA:175,0
DA:176,0
LF:72
LH:1
end_of_record
SF:lib/pages/login_page.dart
DA:12,8
DA:14,0
DA:15,0
DA:24,0
DA:26,0
DA:27,0
DA:28,0
DA:31,0
DA:33,0
DA:37,0
DA:38,0
DA:40,0
DA:41,0
DA:43,0
DA:44,0
DA:45,0
DA:46,0
DA:49,0
DA:53,0
DA:55,0
DA:56,0
DA:60,0
DA:62,0
DA:63,0
DA:64,0
DA:65,0
DA:66,0
DA:68,0
DA:71,0
DA:74,0
DA:76,0
DA:77,0
DA:78,0
DA:79,0
DA:84,0
DA:85,0
LF:36
LH:1
end_of_record
SF:lib/pages/scanner_page.dart
DA:13,8
DA:15,0
DA:17,0
DA:18,0
DA:19,0
DA:20,0
DA:27,0
DA:31,0
DA:32,0
DA:39,0
DA:41,0
DA:42,0
DA:44,0
DA:45,0
DA:46,0
DA:47,0
DA:53,0
DA:54,0
DA:55,0
DA:56,0
DA:57,0
DA:60,0
DA:61,0
DA:62,0
DA:63,0
DA:64,0
DA:65,0
DA:68,0
DA:69,0
DA:73,0
DA:74,0
DA:77,0
DA:78,0
DA:81,0
DA:82,0
DA:86,0
DA:87,0
DA:97,0
DA:98,0
DA:99,0
DA:100,0
DA:104,0
DA:106,0
DA:107,0
DA:110,0
DA:112,0
DA:113,0
DA:114,0
DA:115,0
DA:116,0
DA:120,0
DA:121,0
DA:122,0
DA:127,0
DA:128,0
DA:129,0
DA:130,0
DA:132,0
DA:133,0
DA:134,0
DA:135,0
DA:139,0
DA:140,0
DA:143,0
DA:144,0
DA:145,0
DA:146,0
DA:147,0
DA:148,0
DA:156,0
DA:157,0
DA:158,0
DA:159,0
DA:160,0
DA:161,0
DA:162,0
DA:163,0
DA:164,0
DA:165,0
DA:171,0
DA:172,0
DA:174,0
DA:175,0
DA:177,0
DA:178,0
DA:179,0
DA:184,0
DA:190,0
LF:88
LH:1
end_of_record
SF:lib/pages/profile_page.dart
DA:9,8
DA:11,0
DA:12,0
DA:18,0
DA:20,0
DA:22,0
DA:23,0
DA:24,0
DA:28,0
DA:30,0
DA:31,0
DA:32,0
DA:33,0
DA:35,0
DA:36,0
DA:37,0
DA:38,0
DA:42,0
DA:43,0
DA:44,0
DA:47,0
DA:48,0
DA:50,0
DA:51,0
DA:52,0
LF:25
LH:1
end_of_record
SF:lib/pages/settings_page.dart
DA:10,8
DA:12,0
DA:14,0
DA:15,0
DA:16,0
DA:17,0
DA:21,0
DA:22,0
DA:23,0
DA:24,0
DA:27,0
DA:28,0
DA:29,0
DA:39,0
DA:41,0
DA:42,0
DA:43,0
LF:17
LH:1
end_of_record
SF:lib/pages/splash_screen.dart
DA:4,8
DA:6,0
LF:2
LH:1
end_of_record
SF:lib/pages/unauthorized_page.dart
DA:9,8
DA:11,0
DA:13,0
DA:15,0
DA:19,0
DA:20,0
DA:21,0
DA:23,0
DA:25,0
DA:27,0
DA:29,0
DA:30,0
DA:33,0
DA:35,0
DA:37,0
DA:38,0
DA:41,0
DA:43,0
DA:45,0
DA:46,0
LF:20
LH:1
end_of_record
SF:lib/pages/view_images.dart
DA:11,0
DA:17,0
DA:19,0
DA:23,0
DA:24,0
DA:25,0
DA:26,0
DA:27,0
DA:32,0
DA:33,0
DA:34,0
DA:35,0
DA:38,0
DA:39,0
DA:43,0
DA:45,0
DA:46,0
DA:47,0
DA:48,0
DA:49,0
DA:50,0
DA:51,0
DA:52,0
DA:53,0
DA:54,0
DA:63,0
DA:64,0
DA:65,0
LF:28
LH:0
end_of_record
SF:lib/pages/view_task.dart
DA:17,0
DA:26,0
DA:28,0
DA:29,0
DA:32,0
DA:33,0
DA:34,0
DA:35,0
DA:39,0
DA:40,0
DA:41,0
DA:47,0
DA:49,0
DA:50,0
DA:60,0
DA:62,0
DA:64,0
DA:65,0
DA:69,0
DA:71,0
DA:72,0
DA:73,0
DA:74,0
DA:75,0
DA:76,0
DA:79,0
DA:83,0
DA:84,0
DA:85,0
DA:86,0
DA:87,0
DA:98,0
DA:99,0
DA:102,0
DA:103,0
DA:106,0
DA:107,0
DA:110,0
DA:111,0
DA:112,0
DA:118,0
DA:119,0
DA:120,0
DA:123,0
DA:125,0
DA:126,0
DA:127,0
DA:131,0
DA:134,0
DA:136,0
DA:138,0
DA:139,0
DA:140,0
DA:141,0
DA:142,0
DA:143,0
DA:144,0
DA:145,0
DA:152,0
DA:153,0
DA:154,0
DA:155,0
DA:157,0
DA:158,0
DA:160,0
DA:161,0
DA:163,0
DA:165,0
DA:167,0
DA:169,0
DA:171,0
DA:176,0
DA:177,0
DA:180,0
DA:181,0
DA:183,0
DA:184,0
DA:185,0
DA:194,0
DA:196,0
DA:197,0
DA:219,0
DA:221,0
DA:222,0
DA:223,0
DA:224,0
DA:226,0
DA:227,0
DA:228,0
DA:230,0
DA:231,0
DA:233,0
DA:234,0
DA:235,0
DA:236,0
DA:238,0
DA:241,0
DA:243,0
DA:244,0
DA:245,0
DA:246,0
DA:247,0
DA:256,0
LF:103
LH:0
end_of_record
SF:lib/helpers/safe_cubit.dart
DA:4,1
DA:6,1
DA:7,1
DA:8,1
DA:14,2
DA:16,2
DA:17,2
DA:18,2
LF:8
LH:8
end_of_record
SF:lib/module/tasks/repository/task_repository_impl.dart
DA:9,1
DA:11,1
DA:14,2
DA:15,1
DA:16,2
DA:18,1
DA:20,0
DA:24,2
DA:25,1
DA:26,1
DA:28,2
DA:31,2
DA:32,1
DA:36,1
DA:39,2
DA:40,2
DA:42,2
DA:45,2
DA:46,1
DA:50,1
DA:53,2
DA:54,2
DA:56,2
DA:59,2
DA:60,1
DA:64,1
DA:67,2
DA:69,1
DA:70,2
DA:72,1
DA:74,0
DA:78,2
DA:79,1
DA:80,1
DA:82,2
DA:85,2
DA:86,1
DA:90,1
DA:93,2
DA:96,2
DA:99,2
DA:100,1
DA:104,0
DA:107,0
DA:108,0
DA:109,0
DA:111,0
DA:113,0
DA:116,0
DA:117,0
LF:50
LH:40
end_of_record
SF:lib/pages/app.dart
DA:11,8
DA:13,0
DA:14,0
DA:21,0
DA:23,0
DA:25,0
DA:26,0
DA:27,0
DA:28,0
DA:30,0
DA:33,0
DA:35,0
DA:36,0
DA:39,0
DA:42,0
DA:44,0
DA:45,0
DA:46,0
DA:48,0
DA:49,0
DA:54,0
DA:57,0
DA:59,0
DA:60,0
DA:61,0
DA:63,0
DA:64,0
DA:65,0
DA:67,0
DA:68,0
LF:30
LH:1
end_of_record
SF:lib/module/user/cubit/my_user_cubit.dart
DA:11,1
DA:12,0
DA:13,2
DA:15,1
DA:16,2
DA:18,2
DA:19,2
DA:21,3
DA:22,3
DA:26,1
DA:27,2
DA:30,1
DA:31,2
DA:34,4
DA:36,0
DA:37,0
DA:41,1
DA:42,2
DA:44,1
DA:45,1
DA:46,4
DA:51,0
DA:53,0
DA:54,0
DA:57,0
DA:60,1
DA:62,1
LF:27
LH:20
end_of_record
SF:lib/module/auth/repository/auth_repository_impl.dart
DA:11,0
DA:12,0
DA:14,0
DA:15,0
DA:17,0
DA:19,0
DA:22,0
DA:27,0
DA:34,0
DA:36,0
DA:37,0
DA:38,0
DA:39,0
DA:40,0
DA:44,0
DA:46,0
DA:49,0
DA:51,0
DA:52,0
DA:53,0
DA:56,0
DA:57,0
DA:60,0
DA:62,0
DA:66,0
DA:70,0
DA:72,0
LF:27
LH:0
end_of_record
SF:lib/module/user/repository/my_user_repository_impl.dart
DA:9,1
DA:11,1
DA:14,2
DA:15,2
DA:17,2
DA:20,2
DA:21,1
DA:25,1
DA:28,2
DA:29,2
DA:31,2
DA:34,2
DA:35,1
LF:13
LH:13
end_of_record
SF:lib/module/theme/cubit/theme_cubit.dart
DA:5,2
DA:7,1
DA:8,1
DA:11,1
DA:12,3
DA:15,1
DA:17,2
DA:20,1
DA:22,2
LF:9
LH:9
end_of_record
SF:lib/module/home/cubit/home_state.dart
DA:4,0
DA:6,0
DA:7,0
DA:16,0
DA:18,0
DA:19,0
DA:25,0
DA:27,0
DA:28,0
LF:9
LH:0
end_of_record
SF:lib/module/home/cubit/home_cubit.dart
DA:13,0
DA:15,0
DA:16,0
DA:17,0
DA:20,0
DA:21,0
DA:23,0
DA:24,0
DA:28,0
DA:29,0
DA:30,0
DA:31,0
DA:32,0
DA:33,0
DA:34,0
DA:38,0
DA:39,0
DA:40,0
DA:41,0
DA:42,0
DA:44,0
DA:45,0
LF:22
LH:0
end_of_record
SF:lib/module/scanner_page/scanner/scanner_state.dart
DA:4,8
DA:6,0
DA:7,0
DA:16,8
DA:18,0
DA:19,0
DA:21,0
DA:25,0
DA:26,0
DA:27,0
DA:35,0
DA:37,0
DA:38,0
LF:13
LH:2
end_of_record
SF:lib/module/scanner_page/scanner/scanner_cubit.dart
DA:15,0
DA:17,0
DA:18,0
DA:21,0
DA:22,0
DA:23,0
DA:24,0
DA:27,0
DA:28,0
DA:29,0
DA:30,0
DA:33,0
DA:34,0
DA:35,0
DA:36,0
DA:37,0
DA:40,0
DA:41,0
DA:43,0
DA:45,0
DA:47,0
DA:49,0
DA:51,0
DA:53,0
DA:55,0
DA:56,0
DA:60,0
DA:66,0
DA:67,0
DA:69,0
DA:70,0
DA:73,0
DA:75,0
DA:76,0
DA:77,0
DA:78,0
DA:88,0
DA:89,0
DA:91,0
DA:93,0
DA:94,0
DA:96,0
DA:98,0
DA:101,0
DA:102,0
DA:104,0
DA:105,0
DA:109,0
DA:110,0
DA:111,0
DA:113,0
DA:114,0
LF:52
LH:0
end_of_record
SF:lib/module/tasks/cubit/view_task_cubit.dart
DA:14,1
DA:15,0
DA:16,2
DA:18,0
DA:19,0
DA:20,0
DA:21,0
DA:23,1
DA:24,2
DA:25,2
DA:29,3
DA:30,2
DA:32,3
LF:13
LH:8
end_of_record
SF:lib/module/tasks/cubit/view_task_state.dart
DA:4,1
DA:6,1
DA:7,1
DA:17,1
DA:19,1
DA:20,2
DA:26,1
DA:28,1
DA:29,2
LF:9
LH:9
end_of_record
SF:lib/module/tasks/models/task_file.dart
DA:32,11
LF:1
LH:1
end_of_record
SF:lib/module/tasks/models/task_mesh.dart
DA:25,2
LF:1
LH:1
end_of_record
SF:lib/module/tasks/models/task_status.dart
DA:16,1
DA:18,1
DA:21,1
DA:24,1
DA:32,1
DA:34,1
DA:37,1
DA:40,1
LF:8
LH:8
end_of_record
SF:lib/module/user/cubit/my_user_state.dart
DA:8,1
DA:21,1
DA:28,1
LF:3
LH:3
end_of_record
SF:lib/ui/task_status_widget.dart
DA:8,0
DA:10,0
DA:12,0
DA:14,0
DA:15,0
LF:5
LH:0
end_of_record
SF:lib/ui/camera_snap.dart
DA:5,0
DA:9,0
DA:10,0
DA:16,0
DA:18,0
DA:20,0
DA:21,0
DA:31,0
DA:32,0
DA:33,0
DA:34,0
DA:35,0
DA:39,0
DA:40,0
DA:43,0
DA:45,0
DA:46,0
DA:47,0
DA:53,0
DA:54,0
LF:20
LH:0
end_of_record
SF:lib/ui/image_preview.dart
DA:7,0
DA:18,0
DA:19,0
DA:25,0
DA:27,0
DA:29,0
DA:30,0
DA:33,0
DA:34,0
DA:39,0
DA:41,0
DA:42,0
DA:43,0
DA:44,0
DA:45,0
DA:51,0
DA:52,0
DA:53,0
DA:58,0
DA:59,0
DA:60,0
DA:61,0
DA:68,0
DA:69,0
DA:71,0
DA:72,0
DA:73,0
DA:74,0
DA:77,0
DA:87,0
DA:88,0
LF:31
LH:0
end_of_record
SF:lib/ui/image_select_button.dart
DA:6,0
DA:9,0
DA:11,0
DA:21,0
DA:22,0
DA:23,0
DA:24,0
DA:26,0
DA:28,0
LF:9
LH:0
end_of_record
SF:lib/ui/prefix_widget.dart
DA:4,8
DA:15,0
DA:17,0
DA:18,0
DA:19,0
DA:21,0
DA:22,0
DA:23,0
DA:25,0
DA:28,0
LF:10
LH:1
end_of_record
